2020-04-28 13:28:54,641 :INFO : test_e2e :click on shop link
2020-04-28 13:28:54,741 :INFO : test_e2e :iphone X
2020-04-28 13:28:54,770 :INFO : test_e2e :Samsung Note 8
2020-04-28 13:28:54,802 :INFO : test_e2e :Nokia Edge
2020-04-28 13:28:54,835 :INFO : test_e2e :Blackberry
2020-04-28 13:28:55,309 :INFO : test_e2e :entering country name
2020-04-28 13:29:01,083 :INFO : test_e2e :clicked on checkbox
2020-04-28 13:29:01,210 :INFO : test_e2e :clicked on purchase button
2020-04-28 13:30:06,675 :INFO : test_e2e :click on shop link
2020-04-28 13:30:06,737 :INFO : test_e2e :iphone X
2020-04-28 13:30:06,766 :INFO : test_e2e :Samsung Note 8
2020-04-28 13:30:06,798 :INFO : test_e2e :Nokia Edge
2020-04-28 13:30:06,831 :INFO : test_e2e :Blackberry
2020-04-28 13:30:07,334 :INFO : test_e2e :entering country name
2020-04-28 13:30:12,859 :INFO : test_e2e :clicked on checkbox
2020-04-28 13:30:12,974 :INFO : test_e2e :clicked on purchase button
2020-04-28 13:37:36,459 :INFO : test_e2e :click on shop link
2020-04-28 13:37:36,509 :INFO : test_e2e :iphone X
2020-04-28 13:37:36,547 :INFO : test_e2e :Samsung Note 8
2020-04-28 13:37:36,580 :INFO : test_e2e :Nokia Edge
2020-04-28 13:37:36,614 :INFO : test_e2e :Blackberry
2020-04-28 13:37:37,111 :INFO : test_e2e :entering country name
2020-04-28 13:37:42,684 :INFO : test_e2e :clicked on checkbox
2020-04-28 13:37:42,808 :INFO : test_e2e :clicked on purchase button
2020-04-28 13:56:48,965 :INFO : test_e2e :click on shop link
2020-04-28 13:56:49,034 :INFO : test_e2e :iphone X
2020-04-28 13:56:49,078 :INFO : test_e2e :Samsung Note 8
2020-04-28 13:56:49,116 :INFO : test_e2e :Nokia Edge
2020-04-28 13:56:49,145 :INFO : test_e2e :Blackberry
2020-04-28 13:56:49,649 :INFO : test_e2e :entering country name
2020-04-28 13:56:55,202 :INFO : test_e2e :clicked on checkbox
2020-04-28 13:56:55,329 :INFO : test_e2e :clicked on purchase button
